\BOOKMARK [1][]{section*.2}{\376\377\000I\000n\000t\000r\000o\000d\000u\000c\000t\000i\000o\000n}{}% 1
\BOOKMARK [1][]{section.3}{\376\377\000S\000y\000s\000t\000e\000m\000\040\000A\000n\000a\000l\000y\000s\000i\000s}{}% 2
\BOOKMARK [2][]{subsection.4}{\376\377\000S\000y\000s\000t\000e\000m\000\040\000D\000e\000s\000c\000r\000i\000p\000t\000i\000o\000n}{section.3}% 3
\BOOKMARK [2][]{subsection.7}{\376\377\000C\000o\000m\000m\000u\000n\000i\000c\000a\000t\000i\000o\000n}{section.3}% 4
\BOOKMARK [3][]{subsubsection.25}{\376\377\000C\000o\000m\000m\000u\000n\000i\000c\000a\000t\000i\000o\000n\000\040\000T\000i\000m\000i\000n\000g\000\040\000M\000e\000a\000s\000u\000r\000e\000m\000e\000n\000t}{subsection.7}% 5
\BOOKMARK [3][]{subsubsection.27}{\376\377\000S\000y\000s\000t\000e\000m\000'\000s\000\040\000s\000c\000h\000e\000m\000a\000t\000i\000c\000\040\000d\000i\000a\000g\000r\000a\000m}{subsection.7}% 6
\BOOKMARK [2][]{subsection.29}{\376\377\000C\000o\000n\000t\000r\000o\000l\000\040\000I\000n\000p\000u\000t}{section.3}% 7
\BOOKMARK [2][]{subsection.33}{\376\377\000M\000e\000a\000s\000u\000r\000a\000b\000l\000e\000\040\000O\000u\000t\000p\000u\000t}{section.3}% 8
\BOOKMARK [2][]{subsection.36}{\376\377\000D\000i\000s\000t\000u\000r\000b\000a\000n\000c\000e\000s}{section.3}% 9
\BOOKMARK [2][]{subsection.37}{\376\377\000S\000t\000a\000t\000i\000c\000\040\000C\000h\000a\000r\000a\000c\000t\000e\000r\000i\000s\000t\000i\000c}{section.3}% 10
\BOOKMARK [2][]{subsection.38}{\376\377\000D\000y\000n\000a\000m\000i\000c\000\040\000C\000h\000a\000r\000a\000c\000t\000e\000r\000i\000s\000t\000i\000c}{section.3}% 11
\BOOKMARK [1][]{section.39}{\376\377\000S\000y\000s\000t\000e\000m\000\040\000M\000o\000d\000e\000l\000i\000n\000g}{}% 12
\BOOKMARK [2][]{subsection.43}{\376\377\000P\000h\000y\000s\000i\000c\000a\000l\000\040\000M\000o\000d\000e\000l\000i\000n\000g}{section.39}% 13
\BOOKMARK [2][]{subsection.44}{\376\377\000F\000r\000i\000c\000t\000i\000o\000n\000s}{section.39}% 14
\BOOKMARK [3][]{subsubsection.45}{\376\377\000V\000i\000s\000c\000o\000u\000s\000\040\000F\000r\000i\000c\000t\000i\000o\000n}{subsection.44}% 15
\BOOKMARK [3][]{subsubsection.47}{\376\377\000C\000o\000u\000l\000o\000m\000b\000\040\000F\000r\000i\000c\000t\000i\000o\000n}{subsection.44}% 16
\BOOKMARK [3][]{subsubsection.51}{\376\377\000S\000t\000i\000c\000k\000y\000\040\000F\000r\000i\000c\000t\000i\000o\000n}{subsection.44}% 17
\BOOKMARK [3][]{subsubsection.55}{\376\377\000A\000i\000r\000\040\000R\000e\000s\000i\000s\000t\000a\000n\000c\000e}{subsection.44}% 18
\BOOKMARK [2][]{subsection.62}{\376\377\000M\000o\000d\000e\000l\000i\000n\000g\000\040\000P\000h\000y\000s\000i\000c\000a\000l\000\040\000A\000n\000g\000u\000l\000a\000r\000\040\000C\000o\000n\000s\000t\000r\000a\000i\000n\000t\000s}{section.39}% 19
\BOOKMARK [1][]{section.63}{\376\377\000C\000o\000n\000t\000r\000o\000l\000l\000e\000r\000\040\000D\000e\000s\000i\000g\000n}{}% 20
\BOOKMARK [1][]{section.64}{\376\377\000S\000i\000m\000u\000l\000a\000t\000i\000o\000n\000\040\000a\000n\000d\000\040\000R\000e\000s\000u\000l\000t\000s}{}% 21
\BOOKMARK [2][]{subsection.65}{\376\377\000A\000n\000g\000u\000l\000a\000r\000\040\000C\000o\000n\000s\000t\000r\000a\000i\000n\000t\000s}{section.64}% 22
\BOOKMARK [1][]{section.66}{\376\377\000M\000C\000U\000\040\000I\000m\000p\000l\000e\000m\000e\000n\000t\000a\000t\000i\000o\000n}{}% 23
\BOOKMARK [1][]{section.67}{\376\377\000C\000o\000m\000p\000a\000r\000i\000s\000o\000n\000\040\000a\000n\000d\000\040\000D\000i\000s\000c\000u\000s\000s\000i\000o\000n}{}% 24
\BOOKMARK [1][]{section*.68}{\376\377\000C\000o\000n\000c\000l\000u\000s\000i\000o\000n}{}% 25
\BOOKMARK [1][]{section*.69}{\376\377\000B\000i\000b\000l\000i\000o\000g\000r\000a\000p\000h\000y}{}% 26
